06-Jan-2022 17:49:29.761 INFO [main] org.apache.catalina.startup.VersionLoggerListener.log Server version name:   Apache Tomcat/9.0.56
06-Jan-2022 17:49:29.762 INFO [main] org.apache.catalina.startup.VersionLoggerListener.log Server built:          Dec 2 2021 14:30:07 UTC
06-Jan-2022 17:49:29.762 INFO [main] org.apache.catalina.startup.VersionLoggerListener.log Server version number: 9.0.56.0
06-Jan-2022 17:49:29.762 INFO [main] org.apache.catalina.startup.VersionLoggerListener.log OS Name:               Linux
06-Jan-2022 17:49:29.763 INFO [main] org.apache.catalina.startup.VersionLoggerListener.log OS Version:            3.10.0-1160.el7.x86_64
06-Jan-2022 17:49:29.763 INFO [main] org.apache.catalina.startup.VersionLoggerListener.log Architecture:          amd64
06-Jan-2022 17:49:29.763 INFO [main] org.apache.catalina.startup.VersionLoggerListener.log Java Home:             /usr/lib/jvm/java-1.8.0-openjdk-1.8.0.312.b07-1.el7_9.x86_64/jre
06-Jan-2022 17:49:29.763 INFO [main] org.apache.catalina.startup.VersionLoggerListener.log JVM Version:           1.8.0_312-b07
06-Jan-2022 17:49:29.763 INFO [main] org.apache.catalina.startup.VersionLoggerListener.log JVM Vendor:            Red Hat, Inc.
06-Jan-2022 17:49:29.763 INFO [main] org.apache.catalina.startup.VersionLoggerListener.log CATALINA_BASE:         /tmp/apache-tomcat-9.0.56
06-Jan-2022 17:49:29.763 INFO [main] org.apache.catalina.startup.VersionLoggerListener.log CATALINA_HOME:         /tmp/apache-tomcat-9.0.56
06-Jan-2022 17:49:29.773 INFO [main] org.apache.catalina.startup.VersionLoggerListener.log Command line argument: -Djava.util.logging.config.file=/tmp/apache-tomcat-9.0.56/conf/logging.properties
06-Jan-2022 17:49:29.773 INFO [main] org.apache.catalina.startup.VersionLoggerListener.log Command line argument: -Djava.util.logging.manager=org.apache.juli.ClassLoaderLogManager
06-Jan-2022 17:49:29.773 INFO [main] org.apache.catalina.startup.VersionLoggerListener.log Command line argument: -Djdk.tls.ephemeralDHKeySize=2048
06-Jan-2022 17:49:29.773 INFO [main] org.apache.catalina.startup.VersionLoggerListener.log Command line argument: -Djava.protocol.handler.pkgs=org.apache.catalina.webresources
06-Jan-2022 17:49:29.773 INFO [main] org.apache.catalina.startup.VersionLoggerListener.log Command line argument: -Dorg.apache.catalina.security.SecurityListener.UMASK=0027
06-Jan-2022 17:49:29.773 INFO [main] org.apache.catalina.startup.VersionLoggerListener.log Command line argument: -Dignore.endorsed.dirs=
06-Jan-2022 17:49:29.773 INFO [main] org.apache.catalina.startup.VersionLoggerListener.log Command line argument: -Dcatalina.base=/tmp/apache-tomcat-9.0.56
06-Jan-2022 17:49:29.773 INFO [main] org.apache.catalina.startup.VersionLoggerListener.log Command line argument: -Dcatalina.home=/tmp/apache-tomcat-9.0.56
06-Jan-2022 17:49:29.773 INFO [main] org.apache.catalina.startup.VersionLoggerListener.log Command line argument: -Djava.io.tmpdir=/tmp/apache-tomcat-9.0.56/temp
06-Jan-2022 17:49:29.774 INFO [main] org.apache.catalina.core.AprLifecycleListener.lifecycleEvent The Apache Tomcat Native library which allows using OpenSSL was not found on the java.library.path: [/usr/java/packages/lib/amd64:/usr/lib64:/lib64:/lib:/usr/lib]
06-Jan-2022 17:49:30.290 INFO [main] org.apache.coyote.AbstractProtocol.init Initializing ProtocolHandler ["http-nio-8080"]
06-Jan-2022 17:49:30.318 INFO [main] org.apache.catalina.startup.Catalina.load Server initialization in [772] milliseconds
06-Jan-2022 17:49:30.371 INFO [main] org.apache.catalina.core.StandardService.startInternal Starting service [Catalina]
06-Jan-2022 17:49:30.371 INFO [main] org.apache.catalina.core.StandardEngine.startInternal Starting Servlet engine: [Apache Tomcat/9.0.56]
06-Jan-2022 17:49:30.391 INFO [main] org.apache.catalina.startup.HostConfig.deployDirectory Deploying web application directory [/tmp/apache-tomcat-9.0.56/webapps/ROOT]
06-Jan-2022 17:49:30.756 INFO [main] org.apache.catalina.startup.HostConfig.deployDirectory Deployment of web application directory [/tmp/apache-tomcat-9.0.56/webapps/ROOT] has finished in [364] ms
06-Jan-2022 17:49:30.757 INFO [main] org.apache.catalina.startup.HostConfig.deployDirectory Deploying web application directory [/tmp/apache-tomcat-9.0.56/webapps/docs]
06-Jan-2022 17:49:30.798 INFO [main] org.apache.catalina.startup.HostConfig.deployDirectory Deployment of web application directory [/tmp/apache-tomcat-9.0.56/webapps/docs] has finished in [40] ms
06-Jan-2022 17:49:30.798 INFO [main] org.apache.catalina.startup.HostConfig.deployDirectory Deploying web application directory [/tmp/apache-tomcat-9.0.56/webapps/examples]
06-Jan-2022 17:49:31.121 INFO [main] org.apache.catalina.startup.HostConfig.deployDirectory Deployment of web application directory [/tmp/apache-tomcat-9.0.56/webapps/examples] has finished in [323] ms
06-Jan-2022 17:49:31.121 INFO [main] org.apache.catalina.startup.HostConfig.deployDirectory Deploying web application directory [/tmp/apache-tomcat-9.0.56/webapps/host-manager]
06-Jan-2022 17:49:31.153 INFO [main] org.apache.catalina.startup.HostConfig.deployDirectory Deployment of web application directory [/tmp/apache-tomcat-9.0.56/webapps/host-manager] has finished in [32] ms
06-Jan-2022 17:49:31.153 INFO [main] org.apache.catalina.startup.HostConfig.deployDirectory Deploying web application directory [/tmp/apache-tomcat-9.0.56/webapps/manager]
06-Jan-2022 17:49:31.188 INFO [main] org.apache.catalina.startup.HostConfig.deployDirectory Deployment of web application directory [/tmp/apache-tomcat-9.0.56/webapps/manager] has finished in [25] ms
06-Jan-2022 17:49:31.213 INFO [main] org.apache.coyote.AbstractProtocol.start Starting ProtocolHandler ["http-nio-8080"]
06-Jan-2022 17:49:31.228 INFO [main] org.apache.catalina.startup.Catalina.start Server startup in [910] milliseconds
06-Jan-2022 18:17:31.062 INFO [Thread-3] org.apache.coyote.AbstractProtocol.pause Pausing ProtocolHandler ["http-nio-8080"]
06-Jan-2022 18:17:31.173 INFO [Thread-3] org.apache.catalina.core.StandardService.stopInternal Stopping service [Catalina]
06-Jan-2022 18:17:31.219 INFO [Thread-3] org.apache.coyote.AbstractProtocol.stop Stopping ProtocolHandler ["http-nio-8080"]
