10-Jan-2022 10:37:07.532 INFO [main] org.apache.catalina.startup.VersionLoggerListener.log Server version name:   Apache Tomcat/9.0.56
10-Jan-2022 10:37:07.572 INFO [main] org.apache.catalina.startup.VersionLoggerListener.log Server built:          Dec 2 2021 14:30:07 UTC
10-Jan-2022 10:37:07.572 INFO [main] org.apache.catalina.startup.VersionLoggerListener.log Server version number: 9.0.56.0
10-Jan-2022 10:37:07.572 INFO [main] org.apache.catalina.startup.VersionLoggerListener.log OS Name:               Linux
10-Jan-2022 10:37:07.572 INFO [main] org.apache.catalina.startup.VersionLoggerListener.log OS Version:            3.10.0-1160.el7.x86_64
10-Jan-2022 10:37:07.572 INFO [main] org.apache.catalina.startup.VersionLoggerListener.log Architecture:          amd64
10-Jan-2022 10:37:07.573 INFO [main] org.apache.catalina.startup.VersionLoggerListener.log Java Home:             /usr/lib/jvm/java-1.8.0-openjdk-1.8.0.312.b07-1.el7_9.x86_64/jre
10-Jan-2022 10:37:07.573 INFO [main] org.apache.catalina.startup.VersionLoggerListener.log JVM Version:           1.8.0_312-b07
10-Jan-2022 10:37:07.573 INFO [main] org.apache.catalina.startup.VersionLoggerListener.log JVM Vendor:            Red Hat, Inc.
10-Jan-2022 10:37:07.573 INFO [main] org.apache.catalina.startup.VersionLoggerListener.log CATALINA_BASE:         /tmp/apache-tomcat-9.0.56
10-Jan-2022 10:37:07.573 INFO [main] org.apache.catalina.startup.VersionLoggerListener.log CATALINA_HOME:         /tmp/apache-tomcat-9.0.56
10-Jan-2022 10:37:07.595 INFO [main] org.apache.catalina.startup.VersionLoggerListener.log Command line argument: -Djava.util.logging.config.file=/tmp/apache-tomcat-9.0.56/conf/logging.properties
10-Jan-2022 10:37:07.595 INFO [main] org.apache.catalina.startup.VersionLoggerListener.log Command line argument: -Djava.util.logging.manager=org.apache.juli.ClassLoaderLogManager
10-Jan-2022 10:37:07.595 INFO [main] org.apache.catalina.startup.VersionLoggerListener.log Command line argument: -Djdk.tls.ephemeralDHKeySize=2048
10-Jan-2022 10:37:07.596 INFO [main] org.apache.catalina.startup.VersionLoggerListener.log Command line argument: -Djava.protocol.handler.pkgs=org.apache.catalina.webresources
10-Jan-2022 10:37:07.596 INFO [main] org.apache.catalina.startup.VersionLoggerListener.log Command line argument: -Dorg.apache.catalina.security.SecurityListener.UMASK=0027
10-Jan-2022 10:37:07.596 INFO [main] org.apache.catalina.startup.VersionLoggerListener.log Command line argument: -Dignore.endorsed.dirs=
10-Jan-2022 10:37:07.596 INFO [main] org.apache.catalina.startup.VersionLoggerListener.log Command line argument: -Dcatalina.base=/tmp/apache-tomcat-9.0.56
10-Jan-2022 10:37:07.596 INFO [main] org.apache.catalina.startup.VersionLoggerListener.log Command line argument: -Dcatalina.home=/tmp/apache-tomcat-9.0.56
10-Jan-2022 10:37:07.596 INFO [main] org.apache.catalina.startup.VersionLoggerListener.log Command line argument: -Djava.io.tmpdir=/tmp/apache-tomcat-9.0.56/temp
10-Jan-2022 10:37:07.600 INFO [main] org.apache.catalina.core.AprLifecycleListener.lifecycleEvent The Apache Tomcat Native library which allows using OpenSSL was not found on the java.library.path: [/usr/java/packages/lib/amd64:/usr/lib64:/lib64:/lib:/usr/lib]
10-Jan-2022 10:37:08.585 INFO [main] org.apache.coyote.AbstractProtocol.init Initializing ProtocolHandler ["http-nio-8080"]
10-Jan-2022 10:37:08.642 INFO [main] org.apache.catalina.startup.Catalina.load Server initialization in [1613] milliseconds
10-Jan-2022 10:37:08.698 INFO [main] org.apache.catalina.core.StandardService.startInternal Starting service [Catalina]
10-Jan-2022 10:37:08.698 INFO [main] org.apache.catalina.core.StandardEngine.startInternal Starting Servlet engine: [Apache Tomcat/9.0.56]
10-Jan-2022 10:37:08.719 INFO [main] org.apache.catalina.startup.HostConfig.deployDirectory Deploying web application directory [/tmp/apache-tomcat-9.0.56/webapps/ROOT]
10-Jan-2022 10:37:09.232 INFO [main] org.apache.catalina.startup.HostConfig.deployDirectory Deployment of web application directory [/tmp/apache-tomcat-9.0.56/webapps/ROOT] has finished in [513] ms
10-Jan-2022 10:37:09.232 INFO [main] org.apache.catalina.startup.HostConfig.deployDirectory Deploying web application directory [/tmp/apache-tomcat-9.0.56/webapps/docs]
10-Jan-2022 10:37:09.294 INFO [main] org.apache.catalina.startup.HostConfig.deployDirectory Deployment of web application directory [/tmp/apache-tomcat-9.0.56/webapps/docs] has finished in [62] ms
10-Jan-2022 10:37:09.294 INFO [main] org.apache.catalina.startup.HostConfig.deployDirectory Deploying web application directory [/tmp/apache-tomcat-9.0.56/webapps/examples]
10-Jan-2022 10:37:09.843 INFO [main] org.apache.catalina.startup.HostConfig.deployDirectory Deployment of web application directory [/tmp/apache-tomcat-9.0.56/webapps/examples] has finished in [549] ms
10-Jan-2022 10:37:09.843 INFO [main] org.apache.catalina.startup.HostConfig.deployDirectory Deploying web application directory [/tmp/apache-tomcat-9.0.56/webapps/host-manager]
10-Jan-2022 10:37:09.891 INFO [main] org.apache.catalina.startup.HostConfig.deployDirectory Deployment of web application directory [/tmp/apache-tomcat-9.0.56/webapps/host-manager] has finished in [48] ms
10-Jan-2022 10:37:09.891 INFO [main] org.apache.catalina.startup.HostConfig.deployDirectory Deploying web application directory [/tmp/apache-tomcat-9.0.56/webapps/manager]
10-Jan-2022 10:37:09.926 INFO [main] org.apache.catalina.startup.HostConfig.deployDirectory Deployment of web application directory [/tmp/apache-tomcat-9.0.56/webapps/manager] has finished in [35] ms
10-Jan-2022 10:37:10.021 INFO [main] org.apache.coyote.AbstractProtocol.start Starting ProtocolHandler ["http-nio-8080"]
10-Jan-2022 10:37:10.047 INFO [main] org.apache.catalina.startup.Catalina.start Server startup in [1404] milliseconds
